<?xml version="1.0" encoding="UTF-8"?>
<!-- Generated by org.testng.reporters.JUnitReportReporter -->
<testsuite hostname="LAPTOP-BHKF9L3F" failures="0" tests="2" name="runner.pack.TestRunner" time="29.904" errors="0" timestamp="2024-03-09T21:39:10 IST" skipped="0">
  <testcase classname="runner.pack.TestRunner" name="runScenario" time="15.667"/>
  <testcase classname="runner.pack.TestRunner" name="runScenario" time="14.237"/>
</testsuite> <!-- runner.pack.TestRunner -->
