<?xml version="1.0" encoding="UTF-8"?>
<!-- Generated by org.testng.reporters.JUnitReportReporter -->
<testsuite hostname="LAPTOP-BHKF9L3F" failures="0" tests="2" name="stepdefinitions.TestRunner" time="22.680" errors="0" timestamp="2024-02-17T10:15:49 IST" skipped="0">
  <testcase classname="stepdefinitions.TestRunner" name="runScenario" time="14.404"/>
  <testcase classname="stepdefinitions.TestRunner" name="runScenario" time="8.276"/>
</testsuite> <!-- stepdefinitions.TestRunner -->
